<?xml version="1.0" encoding="UTF-8"?>
<testng-results ignored="0" total="2" passed="2" failed="0" skipped="0">
  <reporter-output>
  </reporter-output>
  <suite started-at="2022-10-17T22:25:18 NPT" name="Default suite" finished-at="2022-10-17T22:25:36 NPT" duration-ms="18765">
    <groups>
    </groups>
    <test started-at="2022-10-17T22:25:18 NPT" name="Default test" finished-at="2022-10-17T22:25:36 NPT" duration-ms="18765">
      <class name="tests.VerifyRoomsTab">
        <test-method is-config="true" signature="LaunchBrowser()[pri:0, instance:tests.VerifyRoomsTab@64cd705f]" started-at="2022-10-17T22:25:18 NPT" name="LaunchBrowser" finished-at="2022-10-17T22:25:20 NPT" duration-ms="2233" status="PASS">
          <reporter-output>
          </reporter-output>
        </test-method> <!-- LaunchBrowser -->
        <test-method is-config="true" signature="OpenRoomsPage()[pri:0, instance:tests.VerifyRoomsTab@64cd705f]" started-at="2022-10-17T22:25:20 NPT" name="OpenRoomsPage" finished-at="2022-10-17T22:25:23 NPT" duration-ms="3156" status="PASS">
          <reporter-output>
          </reporter-output>
        </test-method> <!-- OpenRoomsPage -->
        <test-method signature="verifyReturnToMessengerButton()[pri:0, instance:tests.VerifyRoomsTab@64cd705f]" started-at="2022-10-17T22:25:23 NPT" name="verifyReturnToMessengerButton" finished-at="2022-10-17T22:25:29 NPT" duration-ms="5822" status="PASS">
          <reporter-output>
          </reporter-output>
        </test-method> <!-- verifyReturnToMessengerButton -->
        <test-method is-config="true" signature="logOutFromApplication()[pri:0, instance:tests.VerifyRoomsTab@64cd705f]" started-at="2022-10-17T22:25:29 NPT" name="logOutFromApplication" finished-at="2022-10-17T22:25:29 NPT" duration-ms="0" status="PASS">
          <reporter-output>
          </reporter-output>
        </test-method> <!-- logOutFromApplication -->
        <test-method is-config="true" signature="OpenRoomsPage()[pri:0, instance:tests.VerifyRoomsTab@64cd705f]" started-at="2022-10-17T22:25:29 NPT" name="OpenRoomsPage" finished-at="2022-10-17T22:25:34 NPT" duration-ms="5701" status="PASS">
          <reporter-output>
          </reporter-output>
        </test-method> <!-- OpenRoomsPage -->
        <test-method signature="verifyVisitOurHelpCenterButton()[pri:0, instance:tests.VerifyRoomsTab@64cd705f]" started-at="2022-10-17T22:25:34 NPT" name="verifyVisitOurHelpCenterButton" finished-at="2022-10-17T22:25:36 NPT" duration-ms="1459" status="PASS">
          <reporter-output>
          </reporter-output>
        </test-method> <!-- verifyVisitOurHelpCenterButton -->
        <test-method is-config="true" signature="logOutFromApplication()[pri:0, instance:tests.VerifyRoomsTab@64cd705f]" started-at="2022-10-17T22:25:36 NPT" name="logOutFromApplication" finished-at="2022-10-17T22:25:36 NPT" duration-ms="1" status="PASS">
          <reporter-output>
          </reporter-output>
        </test-method> <!-- logOutFromApplication -->
        <test-method is-config="true" signature="closeBrowser()[pri:0, instance:tests.VerifyRoomsTab@64cd705f]" started-at="2022-10-17T22:25:36 NPT" name="closeBrowser" finished-at="2022-10-17T22:25:36 NPT" duration-ms="341" status="PASS">
          <reporter-output>
          </reporter-output>
        </test-method> <!-- closeBrowser -->
      </class> <!-- tests.VerifyRoomsTab -->
    </test> <!-- Default test -->
  </suite> <!-- Default suite -->
</testng-results>
